<?xml version="1.0" encoding="UTF-8"?>
<!-- Generated by org.testng.reporters.JUnitReportReporter -->
<testsuite hostname="LAPTOP-0MQ7D81P" failures="0" tests="1" name="automation.testcases.Validate_errors_are_gone" time="4.771" errors="0" timestamp="08 Apr 2022 04:21:29 GMT" skipped="0">
  <testcase classname="automation.testcases.Validate_errors_are_gone" name="validateErrors" time="4.771"/>
</testsuite> <!-- automation.testcases.Validate_errors_are_gone -->
