<?xml version="1.0" encoding="UTF-8"?>
<!-- Generated by org.testng.reporters.JUnitReportReporter -->
<testsuite hostname="LAPTOP-0MQ7D81P" failures="0" tests="1" name="automation.testcases.Verify_itemsincart" time="31.889" errors="0" timestamp="2022-05-01T22:46:41 AEST" skipped="0">
  <testcase classname="automation.testcases.Verify_itemsincart" name="verifyItemsinCart" time="31.889"/>
  <system-out/>
</testsuite> <!-- automation.testcases.Verify_itemsincart -->
