<?xml version="1.0" encoding="UTF-8"?>
<!-- Generated by org.testng.reporters.JUnitReportReporter -->
<testsuite hostname="LAPTOP-0MQ7D81P" failures="0" tests="1" name="automation.testcases.Validate_errors_are_gone" time="12.074" errors="0" timestamp="2022-05-03T10:48:59 AEST" skipped="0">
  <testcase classname="automation.testcases.Validate_errors_are_gone" name="validateErrors" time="12.074"/>
  <system-out/>
</testsuite> <!-- automation.testcases.Validate_errors_are_gone -->
