<?xml version="1.0" encoding="UTF-8"?>
<!-- Generated by org.testng.reporters.JUnitReportReporter -->
<testsuite hostname="LAPTOP-0MQ7D81P" failures="0" tests="1" name="automation.testcases.Validate_errors_invalid_data" time="3.955" errors="0" timestamp="2022-05-01T00:26:01 AEST" skipped="0">
  <testcase classname="automation.testcases.Validate_errors_invalid_data" name="invalidDataErrors" time="3.955"/>
  <system-out/>
</testsuite> <!-- automation.testcases.Validate_errors_invalid_data -->
