<?xml version="1.0" encoding="UTF-8"?>
<!-- Generated by org.testng.reporters.JUnitReportReporter -->
<testsuite hostname="LAPTOP-0MQ7D81P" failures="0" tests="1" name="reusablemethods.base.TestBase" time="35.183" errors="0" timestamp="06 Apr 2022 13:46:19 GMT" skipped="0">
  <testcase classname="reusablemethods.base.TestBase" name="configBrowser" time="35.183"/>
</testsuite> <!-- reusablemethods.base.TestBase -->
