<?xml version="1.0" encoding="UTF-8"?>
<!-- Generated by org.testng.reporters.JUnitReportReporter -->
<testsuite hostname="LAPTOP-0MQ7D81P" failures="0" tests="1" name="automation.testcases.Validate_Successful_Message" time="4.889" errors="0" timestamp="07 Apr 2022 22:14:53 GMT" skipped="0">
  <testcase classname="automation.testcases.Validate_Successful_Message" name="validateSuccess" time="4.889"/>
</testsuite> <!-- automation.testcases.Validate_Successful_Message -->
