<?xml version="1.0" encoding="UTF-8"?>
<!-- Generated by org.testng.reporters.JUnitReportReporter -->
<testsuite hostname="LAPTOP-0MQ7D81P" failures="0" tests="1" name="automation.testcases.Verify_itemsincart" time="8.552" errors="0" timestamp="2022-05-03T10:48:59 AEST" skipped="0">
  <testcase classname="automation.testcases.Verify_itemsincart" name="verifyItemsinCart" time="8.552"/>
  <system-out/>
</testsuite> <!-- automation.testcases.Verify_itemsincart -->
