<?xml version="1.0" encoding="UTF-8"?>
<!-- Generated by org.testng.reporters.JUnitReportReporter -->
<testsuite hostname="LAPTOP-0MQ7D81P" failures="0" tests="1" name="automation.testcases.Validate_errors_are_gone" time="3.004" errors="0" timestamp="27 Apr 2022 01:52:06 GMT" skipped="0">
  <testcase classname="automation.testcases.Validate_errors_are_gone" name="validateErrors" time="3.004"/>
</testsuite> <!-- automation.testcases.Validate_errors_are_gone -->
